\BOOKMARK [1][-]{section*.3}{Introduction}{}% 1
\BOOKMARK [1][-]{section*.4}{Hypotheses and Proposed Solutions}{}% 2
\BOOKMARK [2][-]{section*.5}{\(1\) Efficient Content Creation and Editing}{section*.4}% 3
\BOOKMARK [2][-]{section*.6}{\(2\) Attaching Internet Sources}{section*.4}% 4
\BOOKMARK [2][-]{section*.7}{\(3\) Presenting Points and Sources}{section*.4}% 5
\BOOKMARK [2][-]{section*.8}{\(4\) Flexibility in Creating the Affinity Diagram}{section*.4}% 6
\BOOKMARK [3][-]{section*.9}{Vector Free Drawing}{section*.8}% 7
\BOOKMARK [3][-]{section*.10}{Smart Groups}{section*.8}% 8
\BOOKMARK [3][-]{section*.11}{Arrow Linking}{section*.8}% 9
\BOOKMARK [1][-]{section*.12}{Experiment Methods}{}% 10
\BOOKMARK [2][-]{section*.13}{Participants}{section*.12}% 11
\BOOKMARK [2][-]{section*.14}{Materials}{section*.12}% 12
\BOOKMARK [2][-]{section*.15}{Experiment Procedure}{section*.12}% 13
\BOOKMARK [1][-]{section*.16}{Instruments and Metrics}{}% 14
\BOOKMARK [2][-]{section*.17}{Survey and Performance Analyses}{section*.16}% 15
\BOOKMARK [1][-]{section*.18}{Observation Results}{}% 16
\BOOKMARK [2][-]{section*.19}{Content Creation and Presentation}{section*.18}% 17
\BOOKMARK [3][-]{section*.20}{Navigating, Understanding and Flexibility}{section*.19}% 18
\BOOKMARK [3][-]{section*.21}{Affective Metrics}{section*.19}% 19
\BOOKMARK [2][-]{section*.22}{Correlation Analysis}{section*.18}% 20
\BOOKMARK [1][-]{section*.23}{Conclusions}{}% 21
\BOOKMARK [1][-]{section*.24}{Acknowledgments}{}% 22
\BOOKMARK [1][-]{section*.25}{REFERENCES }{}% 23
